<?xml version="1.0" encoding="UTF-8"?>
<testng-results ignored="0" total="8" passed="7" failed="1" skipped="0">
  <reporter-output>
  </reporter-output>
  <suite started-at="2025-07-01T20:07:23 MSK" name="Surefire suite" finished-at="2025-07-01T20:07:23 MSK" duration-ms="84">
    <groups>
    </groups>
    <test started-at="2025-07-01T20:07:23 MSK" name="Surefire test" finished-at="2025-07-01T20:07:23 MSK" duration-ms="84">
      <class name="org.example.LinkedListTest">
        <test-method signature="testAdd()[pri:0, instance:org.example.LinkedListTest@27c6e487]" started-at="2025-07-01T20:07:23 MSK" name="testAdd" finished-at="2025-07-01T20:07:23 MSK" duration-ms="11" status="PASS">
          <reporter-output>
          </reporter-output>
        </test-method> <!-- testAdd -->
        <test-method signature="testAddAtIndex()[pri:0, instance:org.example.LinkedListTest@27c6e487]" started-at="2025-07-01T20:07:23 MSK" name="testAddAtIndex" finished-at="2025-07-01T20:07:23 MSK" duration-ms="0" status="PASS">
          <reporter-output>
          </reporter-output>
        </test-method> <!-- testAddAtIndex -->
        <test-method signature="testGet()[pri:0, instance:org.example.LinkedListTest@27c6e487]" started-at="2025-07-01T20:07:23 MSK" name="testGet" finished-at="2025-07-01T20:07:23 MSK" duration-ms="2" status="PASS">
          <reporter-output>
          </reporter-output>
        </test-method> <!-- testGet -->
        <test-method signature="testGetIndex()[pri:0, instance:org.example.LinkedListTest@27c6e487]" started-at="2025-07-01T20:07:23 MSK" name="testGetIndex" finished-at="2025-07-01T20:07:23 MSK" duration-ms="3" status="FAIL">
          <exception class="java.lang.IndexOutOfBoundsException">
            <message>
              <![CDATA[Index: 1, Size: 1]]>
            </message>
            <full-stacktrace>
              <![CDATA[java.lang.IndexOutOfBoundsException: Index: 1, Size: 1
at org.example.LinkedList.get(LinkedList.java:73)
at org.example.LinkedListTest.testGetIndex(LinkedListTest.java:59)
at java.base/jdk.internal.reflect.DirectMethodHandleAccessor.invoke(DirectMethodHandleAccessor.java:104)
at java.base/java.lang.reflect.Method.invoke(Method.java:565)
at org.testng.internal.invokers.MethodInvocationHelper.invokeMethod(MethodInvocationHelper.java:141)
at org.testng.internal.invokers.TestInvoker.invokeMethod(TestInvoker.java:686)
at org.testng.internal.invokers.TestInvoker.invokeTestMethod(TestInvoker.java:230)
at org.testng.internal.invokers.MethodRunner.runInSequence(MethodRunner.java:63)
at org.testng.internal.invokers.TestInvoker$MethodInvocationAgent.invoke(TestInvoker.java:992)
at org.testng.internal.invokers.TestInvoker.invokeTestMethods(TestInvoker.java:203)
at org.testng.internal.invokers.TestMethodWorker.invokeTestMethods(TestMethodWorker.java:154)
at org.testng.internal.invokers.TestMethodWorker.run(TestMethodWorker.java:134)
at java.base/java.util.ArrayList.forEach(ArrayList.java:1604)
at org.testng.TestRunner.privateRun(TestRunner.java:739)
at org.testng.TestRunner.run(TestRunner.java:614)
at org.testng.SuiteRunner.runTest(SuiteRunner.java:421)
at org.testng.SuiteRunner.runSequentially(SuiteRunner.java:413)
at org.testng.SuiteRunner.privateRun(SuiteRunner.java:373)
at org.testng.SuiteRunner.run(SuiteRunner.java:312)
at org.testng.SuiteRunnerWorker.runSuite(SuiteRunnerWorker.java:52)
at org.testng.SuiteRunnerWorker.run(SuiteRunnerWorker.java:95)
at org.testng.TestNG.runSuitesSequentially(TestNG.java:1274)
at org.testng.TestNG.runSuitesLocally(TestNG.java:1208)
at org.testng.TestNG.runSuites(TestNG.java:1112)
at org.testng.TestNG.run(TestNG.java:1079)
at org.apache.maven.surefire.testng.TestNGExecutor.run(TestNGExecutor.java:155)
at org.apache.maven.surefire.testng.TestNGDirectoryTestSuite.executeSingleClass(TestNGDirectoryTestSuite.java:102)
at org.apache.maven.surefire.testng.TestNGDirectoryTestSuite.execute(TestNGDirectoryTestSuite.java:91)
at org.apache.maven.surefire.testng.TestNGProvider.invoke(TestNGProvider.java:137)
at org.apache.maven.surefire.booter.ForkedBooter.runSuitesInProcess(ForkedBooter.java:385)
at org.apache.maven.surefire.booter.ForkedBooter.execute(ForkedBooter.java:162)
at org.apache.maven.surefire.booter.ForkedBooter.run(ForkedBooter.java:507)
at org.apache.maven.surefire.booter.ForkedBooter.main(ForkedBooter.java:495)
]]>
            </full-stacktrace>
          </exception> <!-- java.lang.IndexOutOfBoundsException -->
          <reporter-output>
          </reporter-output>
        </test-method> <!-- testGetIndex -->
        <test-method signature="testIsEmpty()[pri:0, instance:org.example.LinkedListTest@27c6e487]" started-at="2025-07-01T20:07:23 MSK" name="testIsEmpty" finished-at="2025-07-01T20:07:23 MSK" duration-ms="1" status="PASS">
          <reporter-output>
          </reporter-output>
        </test-method> <!-- testIsEmpty -->
        <test-method signature="testMixedDataTypes()[pri:0, instance:org.example.LinkedListTest@27c6e487]" started-at="2025-07-01T20:07:23 MSK" name="testMixedDataTypes" finished-at="2025-07-01T20:07:23 MSK" duration-ms="0" status="PASS">
          <reporter-output>
          </reporter-output>
        </test-method> <!-- testMixedDataTypes -->
        <test-method signature="testRemove()[pri:0, instance:org.example.LinkedListTest@27c6e487]" started-at="2025-07-01T20:07:23 MSK" name="testRemove" finished-at="2025-07-01T20:07:23 MSK" duration-ms="1" status="PASS">
          <reporter-output>
          </reporter-output>
        </test-method> <!-- testRemove -->
        <test-method signature="testSize()[pri:0, instance:org.example.LinkedListTest@27c6e487]" started-at="2025-07-01T20:07:23 MSK" name="testSize" finished-at="2025-07-01T20:07:23 MSK" duration-ms="0" status="PASS">
          <reporter-output>
          </reporter-output>
        </test-method> <!-- testSize -->
      </class> <!-- org.example.LinkedListTest -->
    </test> <!-- Surefire test -->
  </suite> <!-- Surefire suite -->
</testng-results>
