<?xml version="1.0" encoding="UTF-8"?>
<!-- Generated by org.testng.reporters.JUnitXMLReporter -->
<testsuite ignored="0" hostname="DESKTOP-B46BBOR" failures="1" tests="8" name="Surefire test" time="0.084" errors="0" timestamp="2025-07-01T20:07:23 MSK">
  <testcase classname="org.example.LinkedListTest" name="testAdd" time="0.011"/>
  <testcase classname="org.example.LinkedListTest" name="testAddAtIndex" time="0.0"/>
  <testcase classname="org.example.LinkedListTest" name="testGet" time="0.002"/>
  <testcase classname="org.example.LinkedListTest" name="testGetIndex" time="0.003">
    <failure type="java.lang.IndexOutOfBoundsException" message="Index: 1, Size: 1">
      <![CDATA[java.lang.IndexOutOfBoundsException: Index: 1, Size: 1
at org.example.LinkedList.get(LinkedList.java:73)
at org.example.LinkedListTest.testGetIndex(LinkedListTest.java:59)
at java.base/java.util.ArrayList.forEach(ArrayList.java:1604)
... Removed 30 stack frames]]>
    </failure>
  </testcase> <!-- testGetIndex -->
  <testcase classname="org.example.LinkedListTest" name="testIsEmpty" time="0.001"/>
  <testcase classname="org.example.LinkedListTest" name="testMixedDataTypes" time="0.0"/>
  <testcase classname="org.example.LinkedListTest" name="testRemove" time="0.001"/>
  <testcase classname="org.example.LinkedListTest" name="testSize" time="0.0"/>
</testsuite> <!-- Surefire test -->
